{
  "RSpec": {
    "coverage": {
      "/Users/student/Documents/Projects/RubyProjects/SodokuSolver/spec/puzzle_display_spec.rb": {
        "lines": [
          1,
          null,
          1,
          1,
          1,
          1,
          null,
          null,
          null,
          null,
          null,
          null,
          null,
          null,
          null,
          null,
          null,
          null,
          null,
          1,
          1,
          1,
          null,
          null,
          null,
          null,
          null,
          null,
          null,
          null,
          null,
          null,
          null,
          null,
          null,
          1,
          1,
          1,
          null,
          null,
          null,
          null,
          null,
          null,
          null,
          null,
          null,
          null,
          null,
          null,
          null,
          1,
          1,
          1,
          null,
          null,
          null,
          null,
          null,
          null,
          null,
          null,
          null,
          null,
          null,
          null,
          null,
          1,
          1,
          1,
          null,
          null,
          null,
          null,
          null,
          null,
          null,
          null,
          null,
          null,
          null,
          null,
          null,
          null
        ]
      },
      "/Users/student/Documents/Projects/RubyProjects/SodokuSolver/lib/sodoku_puzzle.rb": {
        "lines": [
          1,
          null,
          1,
          5,
          5,
          5,
          405,
          405,
          10,
          395,
          35,
          360,
          90,
          null,
          270,
          null,
          null,
          5,
          null,
          null,
          1,
          1,
          null,
          null,
          null
        ]
      },
      "/Users/student/Documents/Projects/RubyProjects/SodokuSolver/spec/solution_checker_spec.rb": {
        "lines": [
          1,
          null,
          1,
          1,
          1,
          1,
          null,
          null,
          null
        ]
      }
    },
    "timestamp": 1588015013
  }
}
